2024-03-21 20:54:40 [com.xxl.job.core.thread.JobThread#run]-[133]-[xxl-job, JobThread-2-1711025680488] <br>----------- xxl-job job execute start -----------<br>----------- Param:
2024-03-21 20:54:40 [com.xxl.job.executor.service.jobhandler.SampleXxlJob#demoStreamingJob]-[53]-[xxl-job, JobThread-2-1711025680488] XXL-JOB, Streaming Job Hello World.
2024-03-21 20:54:40 [com.xxl.job.executor.service.jobhandler.SampleXxlJob#demoStreamingJob]-[56]-[xxl-job, JobThread-2-1711025680488] beat at:1
2024-03-21 20:54:42 [com.xxl.job.executor.service.jobhandler.SampleXxlJob#demoStreamingJob]-[56]-[xxl-job, JobThread-2-1711025680488] beat at:2
2024-03-21 20:54:44 [com.xxl.job.executor.service.jobhandler.SampleXxlJob#demoStreamingJob]-[56]-[xxl-job, JobThread-2-1711025680488] beat at:3
2024-03-21 20:54:46 [com.xxl.job.executor.service.jobhandler.SampleXxlJob#demoStreamingJob]-[56]-[xxl-job, JobThread-2-1711025680488] beat at:4
2024-03-21 20:54:48 [com.xxl.job.executor.service.jobhandler.SampleXxlJob#demoStreamingJob]-[56]-[xxl-job, JobThread-2-1711025680488] beat at:5
2024-03-21 20:54:50 [com.xxl.job.executor.service.jobhandler.SampleXxlJob#demoStreamingJob]-[56]-[xxl-job, JobThread-2-1711025680488] beat at:6
2024-03-21 20:54:52 [com.xxl.job.executor.service.jobhandler.SampleXxlJob#demoStreamingJob]-[56]-[xxl-job, JobThread-2-1711025680488] beat at:7
2024-03-21 20:54:54 [com.xxl.job.executor.service.jobhandler.SampleXxlJob#demoStreamingJob]-[56]-[xxl-job, JobThread-2-1711025680488] beat at:8
2024-03-21 20:54:56 [com.xxl.job.executor.service.jobhandler.SampleXxlJob#demoStreamingJob]-[56]-[xxl-job, JobThread-2-1711025680488] beat at:9
2024-03-21 20:54:58 [com.xxl.job.executor.service.jobhandler.SampleXxlJob#demoStreamingJob]-[56]-[xxl-job, JobThread-2-1711025680488] beat at:10
2024-03-21 20:55:00 [com.xxl.job.executor.service.jobhandler.SampleXxlJob#demoStreamingJob]-[56]-[xxl-job, JobThread-2-1711025680488] beat at:11
2024-03-21 20:55:02 [com.xxl.job.executor.service.jobhandler.SampleXxlJob#demoStreamingJob]-[56]-[xxl-job, JobThread-2-1711025680488] beat at:12
2024-03-21 20:55:04 [com.xxl.job.executor.service.jobhandler.SampleXxlJob#demoStreamingJob]-[56]-[xxl-job, JobThread-2-1711025680488] beat at:13
2024-03-21 20:55:06 [com.xxl.job.executor.service.jobhandler.SampleXxlJob#demoStreamingJob]-[56]-[xxl-job, JobThread-2-1711025680488] beat at:14
2024-03-21 20:55:08 [com.xxl.job.executor.service.jobhandler.SampleXxlJob#demoStreamingJob]-[56]-[xxl-job, JobThread-2-1711025680488] beat at:15
2024-03-21 20:55:10 [com.xxl.job.executor.service.jobhandler.SampleXxlJob#demoStreamingJob]-[56]-[xxl-job, JobThread-2-1711025680488] beat at:16
2024-03-21 20:55:12 [com.xxl.job.executor.service.jobhandler.SampleXxlJob#demoStreamingJob]-[56]-[xxl-job, JobThread-2-1711025680488] beat at:17
2024-03-21 20:55:14 [com.xxl.job.executor.service.jobhandler.SampleXxlJob#demoStreamingJob]-[56]-[xxl-job, JobThread-2-1711025680488] beat at:18
2024-03-21 20:55:16 [com.xxl.job.executor.service.jobhandler.SampleXxlJob#demoStreamingJob]-[56]-[xxl-job, JobThread-2-1711025680488] beat at:19
2024-03-21 20:55:18 [com.xxl.job.executor.service.jobhandler.SampleXxlJob#demoStreamingJob]-[56]-[xxl-job, JobThread-2-1711025680488] beat at:20
2024-03-21 20:55:20 [com.xxl.job.executor.service.jobhandler.SampleXxlJob#demoStreamingJob]-[56]-[xxl-job, JobThread-2-1711025680488] beat at:21
2024-03-21 20:55:22 [com.xxl.job.executor.service.jobhandler.SampleXxlJob#demoStreamingJob]-[56]-[xxl-job, JobThread-2-1711025680488] beat at:22
2024-03-21 20:55:24 [com.xxl.job.executor.service.jobhandler.SampleXxlJob#demoStreamingJob]-[56]-[xxl-job, JobThread-2-1711025680488] beat at:23
2024-03-21 20:55:26 [com.xxl.job.executor.service.jobhandler.SampleXxlJob#demoStreamingJob]-[56]-[xxl-job, JobThread-2-1711025680488] beat at:24
2024-03-21 20:55:28 [com.xxl.job.executor.service.jobhandler.SampleXxlJob#demoStreamingJob]-[56]-[xxl-job, JobThread-2-1711025680488] beat at:25
2024-03-21 20:55:30 [com.xxl.job.executor.service.jobhandler.SampleXxlJob#demoStreamingJob]-[56]-[xxl-job, JobThread-2-1711025680488] beat at:26
2024-03-21 20:55:32 [com.xxl.job.executor.service.jobhandler.SampleXxlJob#demoStreamingJob]-[56]-[xxl-job, JobThread-2-1711025680488] beat at:27
2024-03-21 20:55:34 [com.xxl.job.executor.service.jobhandler.SampleXxlJob#demoStreamingJob]-[56]-[xxl-job, JobThread-2-1711025680488] beat at:28
2024-03-21 20:55:36 [com.xxl.job.executor.service.jobhandler.SampleXxlJob#demoStreamingJob]-[56]-[xxl-job, JobThread-2-1711025680488] beat at:29
2024-03-21 20:55:38 [com.xxl.job.executor.service.jobhandler.SampleXxlJob#demoStreamingJob]-[56]-[xxl-job, JobThread-2-1711025680488] beat at:30
2024-03-21 20:55:40 [com.xxl.job.executor.service.jobhandler.SampleXxlJob#demoStreamingJob]-[56]-[xxl-job, JobThread-2-1711025680488] beat at:31
2024-03-21 20:55:42 [com.xxl.job.executor.service.jobhandler.SampleXxlJob#demoStreamingJob]-[56]-[xxl-job, JobThread-2-1711025680488] beat at:32
2024-03-21 20:55:44 [com.xxl.job.executor.service.jobhandler.SampleXxlJob#demoStreamingJob]-[56]-[xxl-job, JobThread-2-1711025680488] beat at:33
2024-03-21 20:55:46 [com.xxl.job.executor.service.jobhandler.SampleXxlJob#demoStreamingJob]-[56]-[xxl-job, JobThread-2-1711025680488] beat at:34
2024-03-21 20:55:48 [com.xxl.job.executor.service.jobhandler.SampleXxlJob#demoStreamingJob]-[56]-[xxl-job, JobThread-2-1711025680488] beat at:35
2024-03-21 20:55:50 [com.xxl.job.executor.service.jobhandler.SampleXxlJob#demoStreamingJob]-[56]-[xxl-job, JobThread-2-1711025680488] beat at:36
2024-03-21 20:55:52 [com.xxl.job.executor.service.jobhandler.SampleXxlJob#demoStreamingJob]-[56]-[xxl-job, JobThread-2-1711025680488] beat at:37
2024-03-21 20:55:54 [com.xxl.job.executor.service.jobhandler.SampleXxlJob#demoStreamingJob]-[56]-[xxl-job, JobThread-2-1711025680488] beat at:38
2024-03-21 20:55:56 [com.xxl.job.executor.service.jobhandler.SampleXxlJob#demoStreamingJob]-[56]-[xxl-job, JobThread-2-1711025680488] beat at:39
2024-03-21 20:55:58 [com.xxl.job.executor.service.jobhandler.SampleXxlJob#demoStreamingJob]-[56]-[xxl-job, JobThread-2-1711025680488] beat at:40
2024-03-21 20:56:00 [com.xxl.job.executor.service.jobhandler.SampleXxlJob#demoStreamingJob]-[56]-[xxl-job, JobThread-2-1711025680488] beat at:41
2024-03-21 20:56:02 [com.xxl.job.executor.service.jobhandler.SampleXxlJob#demoStreamingJob]-[56]-[xxl-job, JobThread-2-1711025680488] beat at:42
2024-03-21 20:56:04 [com.xxl.job.executor.service.jobhandler.SampleXxlJob#demoStreamingJob]-[56]-[xxl-job, JobThread-2-1711025680488] beat at:43
2024-03-21 20:56:06 [com.xxl.job.executor.service.jobhandler.SampleXxlJob#demoStreamingJob]-[56]-[xxl-job, JobThread-2-1711025680488] beat at:44
2024-03-21 20:56:08 [com.xxl.job.executor.service.jobhandler.SampleXxlJob#demoStreamingJob]-[56]-[xxl-job, JobThread-2-1711025680488] beat at:45
2024-03-21 20:56:10 [com.xxl.job.executor.service.jobhandler.SampleXxlJob#demoStreamingJob]-[56]-[xxl-job, JobThread-2-1711025680488] beat at:46
2024-03-21 20:56:12 [com.xxl.job.executor.service.jobhandler.SampleXxlJob#demoStreamingJob]-[56]-[xxl-job, JobThread-2-1711025680488] beat at:47
2024-03-21 20:56:14 [com.xxl.job.executor.service.jobhandler.SampleXxlJob#demoStreamingJob]-[56]-[xxl-job, JobThread-2-1711025680488] beat at:48
2024-03-21 20:56:16 [com.xxl.job.executor.service.jobhandler.SampleXxlJob#demoStreamingJob]-[56]-[xxl-job, JobThread-2-1711025680488] beat at:49
2024-03-21 20:56:18 [com.xxl.job.executor.service.jobhandler.SampleXxlJob#demoStreamingJob]-[56]-[xxl-job, JobThread-2-1711025680488] beat at:50
2024-03-21 20:56:20 [com.xxl.job.executor.service.jobhandler.SampleXxlJob#demoStreamingJob]-[56]-[xxl-job, JobThread-2-1711025680488] beat at:51
2024-03-21 20:56:22 [com.xxl.job.executor.service.jobhandler.SampleXxlJob#demoStreamingJob]-[56]-[xxl-job, JobThread-2-1711025680488] beat at:52
2024-03-21 20:56:24 [com.xxl.job.executor.service.jobhandler.SampleXxlJob#demoStreamingJob]-[56]-[xxl-job, JobThread-2-1711025680488] beat at:53
2024-03-21 20:56:26 [com.xxl.job.executor.service.jobhandler.SampleXxlJob#demoStreamingJob]-[56]-[xxl-job, JobThread-2-1711025680488] beat at:54
2024-03-21 20:56:28 [com.xxl.job.executor.service.jobhandler.SampleXxlJob#demoStreamingJob]-[56]-[xxl-job, JobThread-2-1711025680488] beat at:55
2024-03-21 20:56:30 [com.xxl.job.executor.service.jobhandler.SampleXxlJob#demoStreamingJob]-[56]-[xxl-job, JobThread-2-1711025680488] beat at:56
2024-03-21 20:56:32 [com.xxl.job.executor.service.jobhandler.SampleXxlJob#demoStreamingJob]-[56]-[xxl-job, JobThread-2-1711025680488] beat at:57
2024-03-21 20:56:34 [com.xxl.job.executor.service.jobhandler.SampleXxlJob#demoStreamingJob]-[56]-[xxl-job, JobThread-2-1711025680488] beat at:58
2024-03-21 20:56:36 [com.xxl.job.executor.service.jobhandler.SampleXxlJob#demoStreamingJob]-[56]-[xxl-job, JobThread-2-1711025680488] beat at:59
2024-03-21 20:56:38 [com.xxl.job.executor.service.jobhandler.SampleXxlJob#demoStreamingJob]-[56]-[xxl-job, JobThread-2-1711025680488] beat at:60
2024-03-21 20:56:40 [com.xxl.job.executor.service.jobhandler.SampleXxlJob#demoStreamingJob]-[56]-[xxl-job, JobThread-2-1711025680488] beat at:61
2024-03-21 20:56:42 [com.xxl.job.executor.service.jobhandler.SampleXxlJob#demoStreamingJob]-[56]-[xxl-job, JobThread-2-1711025680488] beat at:62
2024-03-21 20:56:44 [com.xxl.job.executor.service.jobhandler.SampleXxlJob#demoStreamingJob]-[56]-[xxl-job, JobThread-2-1711025680488] beat at:63
2024-03-21 20:56:46 [com.xxl.job.executor.service.jobhandler.SampleXxlJob#demoStreamingJob]-[56]-[xxl-job, JobThread-2-1711025680488] beat at:64
2024-03-21 20:56:48 [com.xxl.job.executor.service.jobhandler.SampleXxlJob#demoStreamingJob]-[56]-[xxl-job, JobThread-2-1711025680488] beat at:65
2024-03-21 20:56:50 [com.xxl.job.executor.service.jobhandler.SampleXxlJob#demoStreamingJob]-[56]-[xxl-job, JobThread-2-1711025680488] beat at:66
2024-03-21 20:56:52 [com.xxl.job.executor.service.jobhandler.SampleXxlJob#demoStreamingJob]-[56]-[xxl-job, JobThread-2-1711025680488] beat at:67
2024-03-21 20:56:54 [com.xxl.job.executor.service.jobhandler.SampleXxlJob#demoStreamingJob]-[56]-[xxl-job, JobThread-2-1711025680488] beat at:68
2024-03-21 20:56:56 [com.xxl.job.executor.service.jobhandler.SampleXxlJob#demoStreamingJob]-[56]-[xxl-job, JobThread-2-1711025680488] beat at:69
2024-03-21 20:56:58 [com.xxl.job.executor.service.jobhandler.SampleXxlJob#demoStreamingJob]-[56]-[xxl-job, JobThread-2-1711025680488] beat at:70
2024-03-21 20:57:00 [com.xxl.job.executor.service.jobhandler.SampleXxlJob#demoStreamingJob]-[56]-[xxl-job, JobThread-2-1711025680488] beat at:71
2024-03-21 20:57:02 [com.xxl.job.executor.service.jobhandler.SampleXxlJob#demoStreamingJob]-[56]-[xxl-job, JobThread-2-1711025680488] beat at:72
2024-03-21 20:57:04 [com.xxl.job.executor.service.jobhandler.SampleXxlJob#demoStreamingJob]-[56]-[xxl-job, JobThread-2-1711025680488] beat at:73
2024-03-21 20:57:06 [com.xxl.job.executor.service.jobhandler.SampleXxlJob#demoStreamingJob]-[56]-[xxl-job, JobThread-2-1711025680488] beat at:74
2024-03-21 20:57:08 [com.xxl.job.executor.service.jobhandler.SampleXxlJob#demoStreamingJob]-[56]-[xxl-job, JobThread-2-1711025680488] beat at:75
2024-03-21 20:57:11 [com.xxl.job.executor.service.jobhandler.SampleXxlJob#demoStreamingJob]-[56]-[xxl-job, JobThread-2-1711025680488] beat at:76
2024-03-21 20:57:13 [com.xxl.job.executor.service.jobhandler.SampleXxlJob#demoStreamingJob]-[56]-[xxl-job, JobThread-2-1711025680488] beat at:77
2024-03-21 20:57:15 [com.xxl.job.executor.service.jobhandler.SampleXxlJob#demoStreamingJob]-[56]-[xxl-job, JobThread-2-1711025680488] beat at:78
2024-03-21 20:57:17 [com.xxl.job.executor.service.jobhandler.SampleXxlJob#demoStreamingJob]-[56]-[xxl-job, JobThread-2-1711025680488] beat at:79
2024-03-21 20:57:19 [com.xxl.job.executor.service.jobhandler.SampleXxlJob#demoStreamingJob]-[56]-[xxl-job, JobThread-2-1711025680488] beat at:80
2024-03-21 20:57:21 [com.xxl.job.executor.service.jobhandler.SampleXxlJob#demoStreamingJob]-[56]-[xxl-job, JobThread-2-1711025680488] beat at:81
2024-03-21 20:57:23 [com.xxl.job.executor.service.jobhandler.SampleXxlJob#demoStreamingJob]-[56]-[xxl-job, JobThread-2-1711025680488] beat at:82
2024-03-21 20:57:25 [com.xxl.job.executor.service.jobhandler.SampleXxlJob#demoStreamingJob]-[56]-[xxl-job, JobThread-2-1711025680488] beat at:83
2024-03-21 20:57:27 [com.xxl.job.executor.service.jobhandler.SampleXxlJob#demoStreamingJob]-[56]-[xxl-job, JobThread-2-1711025680488] beat at:84
2024-03-21 20:57:29 [com.xxl.job.executor.service.jobhandler.SampleXxlJob#demoStreamingJob]-[56]-[xxl-job, JobThread-2-1711025680488] beat at:85
2024-03-21 20:57:31 [com.xxl.job.executor.service.jobhandler.SampleXxlJob#demoStreamingJob]-[56]-[xxl-job, JobThread-2-1711025680488] beat at:86
2024-03-21 20:57:33 [com.xxl.job.executor.service.jobhandler.SampleXxlJob#demoStreamingJob]-[56]-[xxl-job, JobThread-2-1711025680488] beat at:87
2024-03-21 20:57:35 [com.xxl.job.executor.service.jobhandler.SampleXxlJob#demoStreamingJob]-[56]-[xxl-job, JobThread-2-1711025680488] beat at:88
2024-03-21 20:57:37 [com.xxl.job.executor.service.jobhandler.SampleXxlJob#demoStreamingJob]-[56]-[xxl-job, JobThread-2-1711025680488] beat at:89
2024-03-21 20:57:39 [com.xxl.job.executor.service.jobhandler.SampleXxlJob#demoStreamingJob]-[56]-[xxl-job, JobThread-2-1711025680488] beat at:90
2024-03-21 20:57:41 [com.xxl.job.executor.service.jobhandler.SampleXxlJob#demoStreamingJob]-[56]-[xxl-job, JobThread-2-1711025680488] beat at:91
2024-03-21 20:57:43 [com.xxl.job.executor.service.jobhandler.SampleXxlJob#demoStreamingJob]-[56]-[xxl-job, JobThread-2-1711025680488] beat at:92
2024-03-21 20:57:45 [com.xxl.job.executor.service.jobhandler.SampleXxlJob#demoStreamingJob]-[56]-[xxl-job, JobThread-2-1711025680488] beat at:93
2024-03-21 20:57:47 [com.xxl.job.executor.service.jobhandler.SampleXxlJob#demoStreamingJob]-[56]-[xxl-job, JobThread-2-1711025680488] beat at:94
2024-03-21 20:57:49 [com.xxl.job.executor.service.jobhandler.SampleXxlJob#demoStreamingJob]-[56]-[xxl-job, JobThread-2-1711025680488] beat at:95
2024-03-21 20:57:51 [com.xxl.job.executor.service.jobhandler.SampleXxlJob#demoStreamingJob]-[56]-[xxl-job, JobThread-2-1711025680488] beat at:96
2024-03-21 20:57:53 [com.xxl.job.executor.service.jobhandler.SampleXxlJob#demoStreamingJob]-[56]-[xxl-job, JobThread-2-1711025680488] beat at:97
2024-03-21 20:57:55 [com.xxl.job.executor.service.jobhandler.SampleXxlJob#demoStreamingJob]-[56]-[xxl-job, JobThread-2-1711025680488] beat at:98
2024-03-21 20:57:57 [com.xxl.job.executor.service.jobhandler.SampleXxlJob#demoStreamingJob]-[56]-[xxl-job, JobThread-2-1711025680488] beat at:99
2024-03-21 20:57:59 [com.xxl.job.executor.service.jobhandler.SampleXxlJob#demoStreamingJob]-[56]-[xxl-job, JobThread-2-1711025680488] beat at:100
2024-03-21 20:58:01 [com.xxl.job.executor.service.jobhandler.SampleXxlJob#demoStreamingJob]-[56]-[xxl-job, JobThread-2-1711025680488] beat at:101
2024-03-21 20:58:03 [com.xxl.job.executor.service.jobhandler.SampleXxlJob#demoStreamingJob]-[56]-[xxl-job, JobThread-2-1711025680488] beat at:102
2024-03-21 20:58:05 [com.xxl.job.executor.service.jobhandler.SampleXxlJob#demoStreamingJob]-[56]-[xxl-job, JobThread-2-1711025680488] beat at:103
2024-03-21 20:58:07 [com.xxl.job.executor.service.jobhandler.SampleXxlJob#demoStreamingJob]-[56]-[xxl-job, JobThread-2-1711025680488] beat at:104
2024-03-21 20:58:09 [com.xxl.job.executor.service.jobhandler.SampleXxlJob#demoStreamingJob]-[56]-[xxl-job, JobThread-2-1711025680488] beat at:105
2024-03-21 20:58:11 [com.xxl.job.executor.service.jobhandler.SampleXxlJob#demoStreamingJob]-[56]-[xxl-job, JobThread-2-1711025680488] beat at:106
2024-03-21 20:58:13 [com.xxl.job.executor.service.jobhandler.SampleXxlJob#demoStreamingJob]-[56]-[xxl-job, JobThread-2-1711025680488] beat at:107
2024-03-21 20:58:15 [com.xxl.job.executor.service.jobhandler.SampleXxlJob#demoStreamingJob]-[56]-[xxl-job, JobThread-2-1711025680488] beat at:108
2024-03-21 20:58:17 [com.xxl.job.executor.service.jobhandler.SampleXxlJob#demoStreamingJob]-[56]-[xxl-job, JobThread-2-1711025680488] beat at:109
2024-03-21 20:58:19 [com.xxl.job.executor.service.jobhandler.SampleXxlJob#demoStreamingJob]-[56]-[xxl-job, JobThread-2-1711025680488] beat at:110
2024-03-21 20:58:21 [com.xxl.job.executor.service.jobhandler.SampleXxlJob#demoStreamingJob]-[56]-[xxl-job, JobThread-2-1711025680488] beat at:111
2024-03-21 20:58:23 [com.xxl.job.executor.service.jobhandler.SampleXxlJob#demoStreamingJob]-[56]-[xxl-job, JobThread-2-1711025680488] beat at:112
2024-03-21 20:58:25 [com.xxl.job.executor.service.jobhandler.SampleXxlJob#demoStreamingJob]-[56]-[xxl-job, JobThread-2-1711025680488] beat at:113
2024-03-21 20:58:27 [com.xxl.job.executor.service.jobhandler.SampleXxlJob#demoStreamingJob]-[56]-[xxl-job, JobThread-2-1711025680488] beat at:114
2024-03-21 20:58:29 [com.xxl.job.executor.service.jobhandler.SampleXxlJob#demoStreamingJob]-[56]-[xxl-job, JobThread-2-1711025680488] beat at:115
2024-03-21 20:58:31 [com.xxl.job.executor.service.jobhandler.SampleXxlJob#demoStreamingJob]-[56]-[xxl-job, JobThread-2-1711025680488] beat at:116
2024-03-21 20:58:33 [com.xxl.job.executor.service.jobhandler.SampleXxlJob#demoStreamingJob]-[56]-[xxl-job, JobThread-2-1711025680488] beat at:117
2024-03-21 20:58:35 [com.xxl.job.executor.service.jobhandler.SampleXxlJob#demoStreamingJob]-[56]-[xxl-job, JobThread-2-1711025680488] beat at:118
2024-03-21 20:58:37 [com.xxl.job.executor.service.jobhandler.SampleXxlJob#demoStreamingJob]-[56]-[xxl-job, JobThread-2-1711025680488] beat at:119
2024-03-21 20:58:39 [com.xxl.job.executor.service.jobhandler.SampleXxlJob#demoStreamingJob]-[56]-[xxl-job, JobThread-2-1711025680488] beat at:120
2024-03-21 20:58:41 [com.xxl.job.executor.service.jobhandler.SampleXxlJob#demoStreamingJob]-[56]-[xxl-job, JobThread-2-1711025680488] beat at:121
2024-03-21 20:58:43 [com.xxl.job.executor.service.jobhandler.SampleXxlJob#demoStreamingJob]-[56]-[xxl-job, JobThread-2-1711025680488] beat at:122
2024-03-21 20:58:45 [com.xxl.job.executor.service.jobhandler.SampleXxlJob#demoStreamingJob]-[56]-[xxl-job, JobThread-2-1711025680488] beat at:123
2024-03-21 20:58:47 [com.xxl.job.executor.service.jobhandler.SampleXxlJob#demoStreamingJob]-[56]-[xxl-job, JobThread-2-1711025680488] beat at:124
2024-03-21 20:58:47 [com.xxl.job.core.thread.JobThread#run]-[194]-[xxl-job, JobThread-2-1711025680488] <br>----------- JobThread toStop, stopReason:web container destroy and kill the job.
2024-03-21 20:58:47 [com.xxl.job.core.thread.JobThread#run]-[204]-[xxl-job, JobThread-2-1711025680488] <br>----------- JobThread Exception:java.lang.reflect.InvocationTargetException
	at java.base/jdk.internal.reflect.NativeMethodAccessorImpl.invoke0(Native Method)
	at java.base/jdk.internal.reflect.NativeMethodAccessorImpl.invoke(NativeMethodAccessorImpl.java:62)
	at java.base/jdk.internal.reflect.DelegatingMethodAccessorImpl.invoke(DelegatingMethodAccessorImpl.java:43)
	at java.base/java.lang.reflect.Method.invoke(Method.java:566)
	at com.xxl.job.core.handler.impl.MethodJobHandler.execute(MethodJobHandler.java:31)
	at com.xxl.job.core.thread.JobThread.run(JobThread.java:166)
Caused by: java.lang.InterruptedException: sleep interrupted
	at java.base/java.lang.Thread.sleep(Native Method)
	at java.base/java.lang.Thread.sleep(Thread.java:339)
	at java.base/java.util.concurrent.TimeUnit.sleep(TimeUnit.java:446)
	at com.xxl.job.executor.service.jobhandler.SampleXxlJob.demoStreamingJob(SampleXxlJob.java:57)
	... 6 more
<br>----------- xxl-job job execute end(error) -----------
2024-03-21 20:58:47 [com.xxl.job.core.thread.TriggerCallbackThread#callbackLog]-[197]-[xxl-job, executor TriggerCallbackThread] <br>----------- xxl-job job callback finish.
